yarn run v1.22.22
$ storybook build --output-dir=C:\Users\rajka\AppData\Local\Temp\chromatic--23156-y65iCl8piQ1U
[1m@storybook/core v8.5.3
[22m
info => Cleaning outputDir: [36m..\..\..\..\..\AppData\Local\Temp\chromatic--23156-y65iCl8piQ1U[39m
info => Loading presets
WARN The "@storybook/addon-mdx-gfm" addon is meant as a migration assistant for Storybook 8.0; and will likely be removed in a future version.
WARN It's recommended you read this document:
WARN https://storybook.js.org/docs/writing-docs/mdx#markdown-tables-arent-rendering-correctly
WARN 
WARN Once you've made the necessary changes, you can remove the addon from your package.json and storybook config.
info => Building manager..
info => Manager built ([38;2;181;126;229m214 ms[39m)
info => Building preview..
[addon-coverage] Adding istanbul plugin to Vite config
[36mvite v4.3.9 [32mbuilding for production...[36m[39m
transforming...
[32m✓[39m 179 modules transformed.
rendering chunks...
computing gzip size...
[2m../../../../../AppData/Local/Temp/chromatic--23156-y65iCl8piQ1U/[22m[32miframe.html                                               [39m[1m[2m 16.48 kB[22m[1m[22m[2m │ gzip:   4.45 kB[22m
[2m../../../../../AppData/Local/Temp/chromatic--23156-y65iCl8piQ1U/[22m[36massets/index-2ae20d81.js                                  [39m[1m[2m  0.21 kB[22m[1m[22m[2m │ gzip:   0.18 kB[22m[2m │ map:     0.10 kB[22m
[2m../../../../../AppData/Local/Temp/chromatic--23156-y65iCl8piQ1U/[22m[36massets/preview-c7cbcea2.js                                [39m[1m[2m  0.21 kB[22m[1m[22m[2m │ gzip:   0.20 kB[22m[2m │ map:     0.73 kB[22m
[2m../../../../../AppData/Local/Temp/chromatic--23156-y65iCl8piQ1U/[22m[36massets/preview-f161ba31.js                                [39m[1m[2m  0.22 kB[22m[1m[22m[2m │ gzip:   0.19 kB[22m[2m │ map:     0.69 kB[22m
[2m../../../../../AppData/Local/Temp/chromatic--23156-y65iCl8piQ1U/[22m[36massets/_commonjsHelpers-725317a4.js                       [39m[1m[2m  0.29 kB[22m[1m[22m[2m │ gzip:   0.23 kB[22m[2m │ map:     0.11 kB[22m
[2m../../../../../AppData/Local/Temp/chromatic--23156-y65iCl8piQ1U/[22m[36massets/index-37a31842.js                                  [39m[1m[2m  0.44 kB[22m[1m[22m[2m │ gzip:   0.29 kB[22m[2m │ map:     3.26 kB[22m
[2m../../../../../AppData/Local/Temp/chromatic--23156-y65iCl8piQ1U/[22m[36massets/preview-3954ba89.js                                [39m[1m[2m  0.68 kB[22m[1m[22m[2m │ gzip:   0.48 kB[22m[2m │ map:     2.22 kB[22m
[2m../../../../../AppData/Local/Temp/chromatic--23156-y65iCl8piQ1U/[22m[36massets/preview-8c2b145e.js                                [39m[1m[2m  0.76 kB[22m[1m[22m[2m │ gzip:   0.53 kB[22m[2m │ map:     2.46 kB[22m
[2m../../../../../AppData/Local/Temp/chromatic--23156-y65iCl8piQ1U/[22m[36massets/chunk-XP5HYGXS-8b50b325.js                         [39m[1m[2m  0.77 kB[22m[1m[22m[2m │ gzip:   0.46 kB[22m[2m │ map:     2.78 kB[22m
[2m../../../../../AppData/Local/Temp/chromatic--23156-y65iCl8piQ1U/[22m[36massets/preview-7ae10a5c.js                                [39m[1m[2m  0.77 kB[22m[1m[22m[2m │ gzip:   0.49 kB[22m[2m │ map:     1.25 kB[22m
[2m../../../../../AppData/Local/Temp/chromatic--23156-y65iCl8piQ1U/[22m[36massets/index-356e4a49.js                                  [39m[1m[2m  0.81 kB[22m[1m[22m[2m │ gzip:   0.51 kB[22m[2m │ map:     3.29 kB[22m
[2m../../../../../AppData/Local/Temp/chromatic--23156-y65iCl8piQ1U/[22m[36massets/react-18-9dee851c.js                               [39m[1m[2m  0.88 kB[22m[1m[22m[2m │ gzip:   0.53 kB[22m[2m │ map:     3.49 kB[22m
[2m../../../../../AppData/Local/Temp/chromatic--23156-y65iCl8piQ1U/[22m[36massets/v4-4a60fe23.js                                     [39m[1m[2m  0.91 kB[22m[1m[22m[2m │ gzip:   0.50 kB[22m[2m │ map:     5.57 kB[22m
[2m../../../../../AppData/Local/Temp/chromatic--23156-y65iCl8piQ1U/[22m[36massets/jsx-runtime-d9e0c264.js                            [39m[1m[2m  0.97 kB[22m[1m[22m[2m │ gzip:   0.61 kB[22m[2m │ map:     2.37 kB[22m
[2m../../../../../AppData/Local/Temp/chromatic--23156-y65iCl8piQ1U/[22m[36massets/Intro-53609d34.js                                  [39m[1m[2m  1.31 kB[22m[1m[22m[2m │ gzip:   0.64 kB[22m[2m │ map:     1.61 kB[22m
[2m../../../../../AppData/Local/Temp/chromatic--23156-y65iCl8piQ1U/[22m[36massets/DocsRenderer-CFRXHY34-a1f1abed.js                  [39m[1m[2m  1.34 kB[22m[1m[22m[2m │ gzip:   0.72 kB[22m[2m │ map:     2.69 kB[22m
[2m../../../../../AppData/Local/Temp/chromatic--23156-y65iCl8piQ1U/[22m[36massets/index-6a3a842e.js                                  [39m[1m[2m  1.85 kB[22m[1m[22m[2m │ gzip:   0.94 kB[22m[2m │ map:     0.10 kB[22m
[2m../../../../../AppData/Local/Temp/chromatic--23156-y65iCl8piQ1U/[22m[36massets/Avatar-b991ef1d.js                                 [39m[1m[2m  2.38 kB[22m[1m[22m[2m │ gzip:   1.06 kB[22m[2m │ map:     3.89 kB[22m
[2m../../../../../AppData/Local/Temp/chromatic--23156-y65iCl8piQ1U/[22m[36massets/index-1b441bc2.js                                  [39m[1m[2m  2.63 kB[22m[1m[22m[2m │ gzip:   1.30 kB[22m[2m │ map:     7.64 kB[22m
[2m../../../../../AppData/Local/Temp/chromatic--23156-y65iCl8piQ1U/[22m[36massets/preview-3dd8027b.js                                [39m[1m[2m  2.79 kB[22m[1m[22m[2m │ gzip:   1.41 kB[22m[2m │ map:     7.90 kB[22m
[2m../../../../../AppData/Local/Temp/chromatic--23156-y65iCl8piQ1U/[22m[36massets/Icon.stories-b38de588.js                           [39m[1m[2m  3.15 kB[22m[1m[22m[2m │ gzip:   1.24 kB[22m[2m │ map:     3.42 kB[22m
[2m../../../../../AppData/Local/Temp/chromatic--23156-y65iCl8piQ1U/[22m[36massets/preview-30b1a6f3.js                                [39m[1m[2m  5.08 kB[22m[1m[22m[2m │ gzip:   1.89 kB[22m[2m │ map:    14.70 kB[22m
[2m../../../../../AppData/Local/Temp/chromatic--23156-y65iCl8piQ1U/[22m[36massets/index-ba6d2dec.js                                  [39m[1m[2m  7.21 kB[22m[1m[22m[2m │ gzip:   2.94 kB[22m[2m │ map:    15.76 kB[22m
[2m../../../../../AppData/Local/Temp/chromatic--23156-y65iCl8piQ1U/[22m[36massets/preview-0a3d7b22.js                                [39m[1m[2m  7.67 kB[22m[1m[22m[2m │ gzip:   1.59 kB[22m[2m │ map:    13.52 kB[22m
[2m../../../../../AppData/Local/Temp/chromatic--23156-y65iCl8piQ1U/[22m[36massets/preview-9e19507e.js                                [39m[1m[2m  8.33 kB[22m[1m[22m[2m │ gzip:   3.21 kB[22m[2m │ map:    29.21 kB[22m
[2m../../../../../AppData/Local/Temp/chromatic--23156-y65iCl8piQ1U/[22m[36massets/index-6fbda5a1.js                                  [39m[1m[2m 16.88 kB[22m[1m[22m[2m │ gzip:   6.15 kB[22m[2m │ map:   158.70 kB[22m
[2m../../../../../AppData/Local/Temp/chromatic--23156-y65iCl8piQ1U/[22m[36massets/emotion-react-jsx-runtime.browser.esm-eb14d146.js  [39m[1m[2m 17.61 kB[22m[1m[22m[2m │ gzip:   7.15 kB[22m[2m │ map:   108.66 kB[22m
[2m../../../../../AppData/Local/Temp/chromatic--23156-y65iCl8piQ1U/[22m[36massets/animation-e24a5494.js                              [39m[1m[2m 24.97 kB[22m[1m[22m[2m │ gzip:   1.58 kB[22m[2m │ map:     4.31 kB[22m
[2m../../../../../AppData/Local/Temp/chromatic--23156-y65iCl8piQ1U/[22m[36massets/Color-F6OSRLHC-73f29b31.js                         [39m[1m[2m 29.42 kB[22m[1m[22m[2m │ gzip:  11.08 kB[22m[2m │ map:    82.41 kB[22m
[2m../../../../../AppData/Local/Temp/chromatic--23156-y65iCl8piQ1U/[22m[36massets/styles-0346a4f6.js                                 [39m[1m[2m 29.91 kB[22m[1m[22m[2m │ gzip:   2.82 kB[22m[2m │ map:    22.22 kB[22m
[2m../../../../../AppData/Local/Temp/chromatic--23156-y65iCl8piQ1U/[22m[36massets/preview-07672b71.js                                [39m[1m[2m 32.13 kB[22m[1m[22m[2m │ gzip:  11.35 kB[22m[2m │ map:   131.87 kB[22m
[2m../../../../../AppData/Local/Temp/chromatic--23156-y65iCl8piQ1U/[22m[36massets/entry-preview-97f5632d.js                          [39m[1m[2m 41.56 kB[22m[1m[22m[2m │ gzip:  14.03 kB[22m[2m │ map:   113.01 kB[22m
[2m../../../../../AppData/Local/Temp/chromatic--23156-y65iCl8piQ1U/[22m[36massets/preview-565dbf00.js                                [39m[1m[2m 44.71 kB[22m[1m[22m[2m │ gzip:   2.26 kB[22m[2m │ map:     3.73 kB[22m
[2m../../../../../AppData/Local/Temp/chromatic--23156-y65iCl8piQ1U/[22m[36massets/index-14d73241.js                                  [39m[1m[2m 53.73 kB[22m[1m[22m[2m │ gzip:  15.59 kB[22m[2m │ map:   194.58 kB[22m
[2m../../../../../AppData/Local/Temp/chromatic--23156-y65iCl8piQ1U/[22m[36massets/Badge.stories-cef7b0f5.js                          [39m[1m[2m 85.99 kB[22m[1m[22m[2m │ gzip:   4.01 kB[22m[2m │ map:     4.37 kB[22m
[2m../../../../../AppData/Local/Temp/chromatic--23156-y65iCl8piQ1U/[22m[36massets/index-4eb7d00f.js                                  [39m[1m[2m134.11 kB[22m[1m[22m[2m │ gzip:  43.25 kB[22m[2m │ map:   326.92 kB[22m
[2m../../../../../AppData/Local/Temp/chromatic--23156-y65iCl8piQ1U/[22m[36massets/Icon-b6567b7e.js                                   [39m[1m[2m191.34 kB[22m[1m[22m[2m │ gzip:  56.19 kB[22m[2m │ map:   164.92 kB[22m
[2m../../../../../AppData/Local/Temp/chromatic--23156-y65iCl8piQ1U/[22m[36massets/iframe-c2ee1f8d.js                                 [39m[1m[2m194.13 kB[22m[1m[22m[2m │ gzip:  66.51 kB[22m[2m │ map:   486.10 kB[22m
[2m../../../../../AppData/Local/Temp/chromatic--23156-y65iCl8piQ1U/[22m[36massets/entry-preview-docs-3508ba74.js                     [39m[1m[2m244.72 kB[22m[1m[22m[2m │ gzip:  73.45 kB[22m[2m │ map:   660.07 kB[22m
[2m../../../../../AppData/Local/Temp/chromatic--23156-y65iCl8piQ1U/[22m[36massets/Avatar.stories-dd452931.js                         [39m[1m[2m290.38 kB[22m[1m[22m[2m │ gzip:   7.09 kB[22m[2m │ map:    23.48 kB[22m
[2m../../../../../AppData/Local/Temp/chromatic--23156-y65iCl8piQ1U/[22m[36massets/Button.stories-a0477a60.js                         [39m[1m[2m442.14 kB[22m[1m[22m[2m │ gzip:  11.17 kB[22m[2m │ map:    55.04 kB[22m
[2m../../../../../AppData/Local/Temp/chromatic--23156-y65iCl8piQ1U/[22m[36massets/Link.stories-2d7eb9ef.js                           [39m[1m[33m536.34 kB[39m[22m[2m │ gzip:   8.06 kB[22m[2m │ map:    26.91 kB[22m
[2m../../../../../AppData/Local/Temp/chromatic--23156-y65iCl8piQ1U/[22m[36massets/axe-bd1b3768.js                                    [39m[1m[33m556.46 kB[39m[22m[2m │ gzip: 152.96 kB[22m[2m │ map: 2,002.44 kB[22m
[2m../../../../../AppData/Local/Temp/chromatic--23156-y65iCl8piQ1U/[22m[36massets/index-53d15194.js                                  [39m[1m[33m661.34 kB[39m[22m[2m │ gzip: 156.50 kB[22m[2m │ map: 1,901.12 kB[22m
[2m../../../../../AppData/Local/Temp/chromatic--23156-y65iCl8piQ1U/[22m[36massets/index-20d4e579.js                                  [39m[1m[33m882.16 kB[39m[22m[2m │ gzip: 276.56 kB[22m[2m │ map: 2,483.62 kB[22m
[32m✓ built in 20.23s[39m
info => Preview built ([38;2;181;126;229m21 s[39m)
info => Output directory: C:\Users\rajka\AppData\Local\Temp\chromatic--23156-y65iCl8piQ1U
Done in 27.06s.
